<?xml version="1.0" encoding="UTF-8"?>
<!-- Generated by org.testng.reporters.JUnitReportReporter -->
<testsuite hostname="MNasr-PC" failures="0" tests="4" name="Com.FreeCRM.TestCases.LoginPageTest" time="125.399" errors="0" timestamp="2019-11-09T02:48:11 EET" skipped="0">
  <testcase classname="Com.FreeCRM.TestCases.LoginPageTest" name="TitlePage" time="54.587"/>
  <testcase classname="Com.FreeCRM.TestCases.LoginPageTest" name="LogoTest" time="21.709"/>
  <testcase classname="Com.FreeCRM.TestCases.LoginPageTest" name="LoginTest" time="30.741"/>
  <testcase classname="Com.FreeCRM.TestCases.LoginPageTest" name="URLcheck" time="18.362"/>
</testsuite> <!-- Com.FreeCRM.TestCases.LoginPageTest -->
