<?xml version="1.0" encoding="UTF-8"?>
<!-- Generated by org.testng.reporters.JUnitReportReporter -->
<testsuite skipped="0" hostname="MNasr-PC" name="Com.FreeCRM.TestCases.TestExaampleConfig" tests="1" failures="0" timestamp="2019-11-02T18:57:05 EET" time="0.015" errors="0">
  <testcase name="PrinV" time="0.015" classname="Com.FreeCRM.TestCases.TestExaampleConfig"/>
</testsuite> <!-- Com.FreeCRM.TestCases.TestExaampleConfig -->
