<?xml version="1.0" encoding="UTF-8"?>
<!-- Generated by org.testng.reporters.JUnitReportReporter -->
<testsuite skipped="0" hostname="MNasr-PC" name="Com.FreeCRM.TestCases.AnotationExplain" tests="4" failures="0" timestamp="2019-10-29T21:23:09 EET" time="0.020" errors="0">
  <testcase name="Test" time="0.009" classname="Com.FreeCRM.TestCases.AnotationExplain"/>
  <testcase name="Test1" time="0.003" classname="Com.FreeCRM.TestCases.AnotationExplain"/>
  <testcase name="Test2" time="0.003" classname="Com.FreeCRM.TestCases.AnotationExplain"/>
  <testcase name="Test3" time="0.005" classname="Com.FreeCRM.TestCases.AnotationExplain"/>
</testsuite> <!-- Com.FreeCRM.TestCases.AnotationExplain -->
